Arguments: 
  /usr/local/bin/node /Users/aldycavalera/.yarn/bin/yarn.js add --dev eslint lint-staged husky@4.3.8 prettier

PATH: 
  /usr/local/opt/mongodb-community@4.0/bin:/Users/aldycavalera/.yarn/bin:/Users/aldycavalera/.config/yarn/global/node_modules/.bin:/Library/Frameworks/Python.framework/Versions/3.9/bin:/usr/local/bin:/usr/bin:/bin:/usr/sbin:/sbin:/Library/Apple/usr/bin:/usr/local/opt/mongodb-community@4.0/bin:/Users/aldycavalera/.yarn/bin:/Users/aldycavalera/.config/yarn/global/node_modules/.bin:/Library/Frameworks/Python.framework/Versions/3.9/bin:/Users/aldycavalera/Library/Android/sdk/emulator:/Users/aldycavalera/Library/Android/sdk/tools:/Users/aldycavalera/Library/Android/sdk/tools/bin:/Users/aldycavalera/Library/Android/sdk/platform-tools:/Users/aldycavalera/Library/Android/sdk/emulator:/Users/aldycavalera/Library/Android/sdk/tools:/Users/aldycavalera/Library/Android/sdk/tools/bin:/Users/aldycavalera/Library/Android/sdk/platform-tools:/Users/aldycavalera/Library/Android/sdk/emulator:/Users/aldycavalera/Library/Android/sdk/tools:/Users/aldycavalera/Library/Android/sdk/tools/bin:/Users/aldycavalera/Library/Android/sdk/platform-tools

Yarn version: 
  1.22.5

Node version: 
  14.15.1

Platform: 
  darwin x64

Trace: 
  Error: read ECONNRESET
      at TLSWrap.onStreamRead (internal/stream_base_commons.js:209:20)

npm manifest: 
  {
    "name": "fe-project-base",
    "version": "0.0.0",
    "scripts": {
      "dev": "vite",
      "build": "tsc && vite build",
      "serve": "vite preview"
    },
    "dependencies": {
      "react": "^17.0.0",
      "react-dom": "^17.0.0"
    },
    "devDependencies": {
      "@types/react": "^17.0.0",
      "@types/react-dom": "^17.0.0",
      "@vitejs/plugin-react-refresh": "^1.3.1",
      "typescript": "^4.3.2",
      "vite": "^2.5.2"
    }
  }

yarn manifest: 
  No manifest

Lockfile: 
  No lockfile
